<?xml version="1.0" encoding="UTF-8"?>
<!-- Generated by org.testng.reporters.JUnitXMLReporter -->
<testsuite hostname="LAPTOP-H46AUTOS" ignored="0" name="Chrome Test" tests="14" failures="1" timestamp="05 Jun 2020 16:53:20 GMT" time="137.905" errors="0">
  <testcase name="checkHomeLogoTest" time="0.323" classname="com.qa.rediff.testcases.RediffHomePageTest"/>
  <testcase name="createAccountTest" time="3.036" classname="com.qa.rediff.testcases.CreateAccountPageTest"/>
  <testcase name="createAccountTest" time="3.16" classname="com.qa.rediff.testcases.CreateAccountPageTest"/>
  <testcase name="createAccountTest" time="3.196" classname="com.qa.rediff.testcases.CreateAccountPageTest"/>
  <testcase name="createAccountTest" time="2.731" classname="com.qa.rediff.testcases.CreateAccountPageTest"/>
  <testcase name="signInTest" time="3.105" classname="com.qa.rediff.testcases.SignInPageTest"/>
  <testcase name="signInTest" time="3.895" classname="com.qa.rediff.testcases.SignInPageTest"/>
  <testcase name="signInTest" time="1.649" classname="com.qa.rediff.testcases.SignInPageTest"/>
  <testcase name="getTitleTest" time="0.018" classname="com.qa.rediff.testcases.RediffHomePageTest">
    <skipped/>
  </testcase> <!-- getTitleTest -->
  <testcase name="getTitleTest" time="0.034" classname="com.qa.rediff.testcases.RediffHomePageTest">
    <failure type="java.lang.AssertionError" message="expected [Google] but found [Rediff.com: News | Rediffmail | Stock Quotes | Shopping]">
      <![CDATA[java.lang.AssertionError: expected [Google] but found [Rediff.com: News | Rediffmail | Stock Quotes | Shopping]
	at com.qa.rediff.testcases.RediffHomePageTest.getTitleTest(RediffHomePageTest.java:41)
... Removed 31 stack frames]]>
    </failure>
  </testcase> <!-- getTitleTest -->
  <testcase name="checkSignInLinkTest" time="0.081" classname="com.qa.rediff.testcases.RediffHomePageTest"/>
  <testcase name="checkCreateAccountLinkTest" time="0.227" classname="com.qa.rediff.testcases.RediffHomePageTest"/>
  <testcase name="navigateToSignInPageTest" time="0.97" classname="com.qa.rediff.testcases.RediffHomePageTest"/>
  <testcase name="navigateToCreateAccountPageTest" time="2.327" classname="com.qa.rediff.testcases.RediffHomePageTest"/>
</testsuite> <!-- Chrome Test -->
