<?xml version="1.0" encoding="UTF-8"?>
<!-- Generated by org.testng.reporters.JUnitXMLReporter -->
<testsuite hostname="LAPTOP-H46AUTOS" ignored="0" name="Chrome Test" tests="9" failures="1" timestamp="08 Jun 2020 10:57:10 GMT" time="99.714" errors="0">
  <testcase name="checkHomeLogoTest" time="1.678" classname="com.qa.rediff.testcases.RediffHomePageTest"/>
  <testcase name="getTitleTest" time="0.306" classname="com.qa.rediff.testcases.RediffHomePageTest">
    <skipped/>
  </testcase> <!-- getTitleTest -->
  <testcase name="getTitleTest" time="0.027" classname="com.qa.rediff.testcases.RediffHomePageTest">
    <failure type="java.lang.AssertionError" message="expected [Google] but found [Rediff.com: News | Rediffmail | Stock Quotes | Shopping]">
      <![CDATA[java.lang.AssertionError: expected [Google] but found [Rediff.com: News | Rediffmail | Stock Quotes | Shopping]
	at com.qa.rediff.testcases.RediffHomePageTest.getTitleTest(RediffHomePageTest.java:41)
... Removed 35 stack frames]]>
    </failure>
  </testcase> <!-- getTitleTest -->
  <testcase name="checkSignInLinkTest" time="0.368" classname="com.qa.rediff.testcases.RediffHomePageTest"/>
  <testcase name="checkCreateAccountLinkTest" time="0.393" classname="com.qa.rediff.testcases.RediffHomePageTest"/>
  <testcase name="navigateToSignInPageTest" time="0.772" classname="com.qa.rediff.testcases.RediffHomePageTest"/>
  <testcase name="navigateToCreateAccountPageTest" time="1.838" classname="com.qa.rediff.testcases.RediffHomePageTest"/>
  <testcase name="createAccountTest" time="4.096" classname="com.qa.rediff.testcases.CreateAccountPageTest"/>
  <testcase name="signInTest" time="1.569" classname="com.qa.rediff.testcases.SignInPageTest"/>
</testsuite> <!-- Chrome Test -->
