<?xml version="1.0" encoding="UTF-8"?>
<!-- Generated by org.testng.reporters.JUnitReportReporter -->
<testsuite skipped="1" hostname="LAPTOP-H46AUTOS" name="com.qa.rediff.testcases.RediffHomePageTest" tests="7" failures="1" timestamp="08 Jun 2020 10:57:11 GMT" time="70.087" errors="0">
  <testcase name="checkHomeLogoTest" time="10.553" classname="com.qa.rediff.testcases.RediffHomePageTest"/>
  <testcase name="getTitleTest" time="7.653" classname="com.qa.rediff.testcases.RediffHomePageTest">
    <failure type="java.lang.AssertionError" message="expected [Google] but found [Rediff.com: News | Rediffmail | Stock Quotes | Shopping]">
      <![CDATA[java.lang.AssertionError: expected [Google] but found [Rediff.com: News | Rediffmail | Stock Quotes | Shopping]
	at org.testng.Assert.fail(Assert.java:93)
	at org.testng.Assert.failNotEquals(Assert.java:512)
	at org.testng.Assert.assertEqualsImpl(Assert.java:134)
	at org.testng.Assert.assertEquals(Assert.java:115)
	at org.testng.Assert.assertEquals(Assert.java:189)
	at org.testng.Assert.assertEquals(Assert.java:199)
	at com.qa.rediff.testcases.RediffHomePageTest.getTitleTest(RediffHomePageTest.java:41)
	at sun.reflect.NativeMethodAccessorImpl.invoke0(Native Method)
	at sun.reflect.NativeMethodAccessorImpl.invoke(Unknown Source)
	at sun.reflect.DelegatingMethodAccessorImpl.invoke(Unknown Source)
	at java.lang.reflect.Method.invoke(Unknown Source)
	at org.testng.internal.MethodInvocationHelper.invokeMethod(MethodInvocationHelper.java:108)
	at org.testng.internal.Invoker.invokeMethod(Invoker.java:661)
	at org.testng.internal.Invoker.retryFailed(Invoker.java:1014)
	at org.testng.internal.Invoker.invokeTestMethods(Invoker.java:1215)
	at org.testng.internal.TestMethodWorker.invokeTestMethods(TestMethodWorker.java:126)
	at org.testng.internal.TestMethodWorker.run(TestMethodWorker.java:109)
	at org.testng.TestRunner.privateRun(TestRunner.java:744)
	at org.testng.TestRunner.run(TestRunner.java:602)
	at org.testng.SuiteRunner.runTest(SuiteRunner.java:380)
	at org.testng.SuiteRunner.runSequentially(SuiteRunner.java:375)
	at org.testng.SuiteRunner.privateRun(SuiteRunner.java:340)
	at org.testng.SuiteRunner.run(SuiteRunner.java:289)
	at org.testng.SuiteRunnerWorker.runSuite(SuiteRunnerWorker.java:52)
	at org.testng.SuiteRunnerWorker.run(SuiteRunnerWorker.java:86)
	at org.testng.TestNG.runSuitesSequentially(TestNG.java:1301)
	at org.testng.TestNG.runSuitesLocally(TestNG.java:1226)
	at org.testng.TestNG.runSuites(TestNG.java:1144)
	at org.testng.TestNG.run(TestNG.java:1115)
	at org.apache.maven.surefire.testng.TestNGExecutor.run(TestNGExecutor.java:283)
	at org.apache.maven.surefire.testng.TestNGXmlTestSuite.execute(TestNGXmlTestSuite.java:75)
	at org.apache.maven.surefire.testng.TestNGProvider.invoke(TestNGProvider.java:120)
	at org.apache.maven.surefire.booter.ForkedBooter.runSuitesInProcess(ForkedBooter.java:377)
	at org.apache.maven.surefire.booter.ForkedBooter.execute(ForkedBooter.java:138)
	at org.apache.maven.surefire.booter.ForkedBooter.run(ForkedBooter.java:465)
	at org.apache.maven.surefire.booter.ForkedBooter.main(ForkedBooter.java:451)
]]>
    </failure>
  </testcase> <!-- getTitleTest -->
  <testcase name="getTitleTest" time="15.204" classname="com.qa.rediff.testcases.RediffHomePageTest">
    <skipped/>
  </testcase> <!-- getTitleTest -->
  <testcase name="checkSignInLinkTest" time="11.498" classname="com.qa.rediff.testcases.RediffHomePageTest"/>
  <testcase name="checkCreateAccountLinkTest" time="7.643" classname="com.qa.rediff.testcases.RediffHomePageTest"/>
  <testcase name="navigateToSignInPageTest" time="8.090" classname="com.qa.rediff.testcases.RediffHomePageTest"/>
  <testcase name="navigateToCreateAccountPageTest" time="9.446" classname="com.qa.rediff.testcases.RediffHomePageTest"/>
</testsuite> <!-- com.qa.rediff.testcases.RediffHomePageTest -->
